0 info it worked if it ends with ok
1 verbose cli [ '/usr/bin/node', '/usr/bin/npm', 'install', '--global', 'gulp' ]
2 info using npm@1.4.28
3 info using node@v0.10.32
4 verbose node symlink /usr/bin/node
5 verbose cache add [ 'gulp', null ]
6 verbose cache add name=undefined spec="gulp" args=["gulp",null]
7 verbose parsed url { protocol: null,
7 verbose parsed url   slashes: null,
7 verbose parsed url   auth: null,
7 verbose parsed url   host: null,
7 verbose parsed url   port: null,
7 verbose parsed url   hostname: null,
7 verbose parsed url   hash: null,
7 verbose parsed url   search: null,
7 verbose parsed url   query: null,
7 verbose parsed url   pathname: 'gulp',
7 verbose parsed url   path: 'gulp',
7 verbose parsed url   href: 'gulp' }
8 silly lockFile 9750c68d-gulp gulp
9 verbose lock gulp /home/nitsan/.npm/9750c68d-gulp.lock
10 silly lockFile 9750c68d-gulp gulp
11 silly lockFile 9750c68d-gulp gulp
12 verbose addNamed [ 'gulp', '' ]
13 verbose addNamed [ null, '*' ]
14 silly lockFile 72f4391e-gulp gulp@
15 verbose lock gulp@ /home/nitsan/.npm/72f4391e-gulp.lock
16 silly addNameRange { name: 'gulp', range: '*', hasData: false }
17 verbose request where is /gulp
18 verbose request registry https://registry.npmjs.org/
19 verbose request id af9b3eb84ab1fd49
20 verbose url raw /gulp
21 verbose url resolving [ 'https://registry.npmjs.org/', './gulp' ]
22 verbose url resolved https://registry.npmjs.org/gulp
23 verbose request where is https://registry.npmjs.org/gulp
24 info trying registry request attempt 1 at 17:49:47
25 verbose etag "710UGZ66PSIGCV0ECY96OPK3C"
26 http GET https://registry.npmjs.org/gulp
27 http 304 https://registry.npmjs.org/gulp
28 silly registry.get cb [ 304,
28 silly registry.get   { date: 'Thu, 23 Oct 2014 14:50:19 GMT',
28 silly registry.get     server: 'Apache',
28 silly registry.get     via: '1.1 varnish',
28 silly registry.get     'last-modified': 'Thu, 23 Oct 2014 14:36:43 GMT',
28 silly registry.get     'cache-control': 'max-age=60',
28 silly registry.get     etag: '"710UGZ66PSIGCV0ECY96OPK3C"',
28 silly registry.get     age: '11',
28 silly registry.get     'x-served-by': 'cache-lcy1135-LCY',
28 silly registry.get     'x-cache': 'HIT',
28 silly registry.get     'x-cache-hits': '45',
28 silly registry.get     'x-timer': 'S1414075819.609077,VS0,VE0',
28 silly registry.get     vary: 'Accept',
28 silly registry.get     'content-length': '0',
28 silly registry.get     'keep-alive': 'timeout=10, max=50',
28 silly registry.get     connection: 'Keep-Alive' } ]
29 verbose etag https://registry.npmjs.org/gulp from cache
30 silly addNameRange number 2 { name: 'gulp', range: '*', hasData: true }
31 silly addNameRange versions [ 'gulp',
31 silly addNameRange   [ '0.0.1',
31 silly addNameRange     '0.0.2',
31 silly addNameRange     '0.0.3',
31 silly addNameRange     '0.0.4',
31 silly addNameRange     '0.0.5',
31 silly addNameRange     '0.0.7',
31 silly addNameRange     '0.0.8',
31 silly addNameRange     '0.0.9',
31 silly addNameRange     '0.1.0',
31 silly addNameRange     '0.2.0',
31 silly addNameRange     '1.0.0',
31 silly addNameRange     '1.1.0',
31 silly addNameRange     '1.2.0',
31 silly addNameRange     '1.2.1',
31 silly addNameRange     '2.0.0',
31 silly addNameRange     '2.0.1',
31 silly addNameRange     '2.1.0',
31 silly addNameRange     '2.2.0',
31 silly addNameRange     '2.3.0',
31 silly addNameRange     '2.4.0',
31 silly addNameRange     '2.4.1',
31 silly addNameRange     '2.6.0',
31 silly addNameRange     '2.6.1',
31 silly addNameRange     '2.7.0',
31 silly addNameRange     '3.0.0',
31 silly addNameRange     '3.1.1',
31 silly addNameRange     '3.1.2',
31 silly addNameRange     '3.1.3',
31 silly addNameRange     '3.1.4',
31 silly addNameRange     '3.2.0',
31 silly addNameRange     '3.2.1',
31 silly addNameRange     '3.2.2',
31 silly addNameRange     '3.2.3',
31 silly addNameRange     '3.2.4',
31 silly addNameRange     '3.2.5',
31 silly addNameRange     '3.3.0',
31 silly addNameRange     '3.3.1',
31 silly addNameRange     '3.3.2',
31 silly addNameRange     '3.3.4',
31 silly addNameRange     '3.4.0',
31 silly addNameRange     '3.5.0',
31 silly addNameRange     '3.5.1',
31 silly addNameRange     '3.5.2',
31 silly addNameRange     '3.5.5',
31 silly addNameRange     '3.5.6',
31 silly addNameRange     '3.6.0',
31 silly addNameRange     '3.6.1',
31 silly addNameRange     '3.6.2',
31 silly addNameRange     '3.7.0',
31 silly addNameRange     '3.8.0',
31 silly addNameRange     '3.8.1',
31 silly addNameRange     '3.8.2',
31 silly addNameRange     '3.8.3',
31 silly addNameRange     '3.8.4',
31 silly addNameRange     '3.8.5',
31 silly addNameRange     '3.8.6',
31 silly addNameRange     '3.8.7',
31 silly addNameRange     '3.8.8',
31 silly addNameRange     '3.8.9' ] ]
32 verbose addNamed [ 'gulp', '3.8.9' ]
33 verbose addNamed [ '3.8.9', '3.8.9' ]
34 silly lockFile 8cc6e613-gulp-3-8-9 gulp@3.8.9
35 verbose lock gulp@3.8.9 /home/nitsan/.npm/8cc6e613-gulp-3-8-9.lock
36 silly lockFile 566182be-ry-npmjs-org-gulp-gulp-3-8-9-tgz https://registry.npmjs.org/gulp/-/gulp-3.8.9.tgz
37 verbose lock https://registry.npmjs.org/gulp/-/gulp-3.8.9.tgz /home/nitsan/.npm/566182be-ry-npmjs-org-gulp-gulp-3-8-9-tgz.lock
38 verbose addRemoteTarball [ 'https://registry.npmjs.org/gulp/-/gulp-3.8.9.tgz',
38 verbose addRemoteTarball   '90773dc79cb0b3087e5443c695b0f5a21548ccce' ]
39 info retry fetch attempt 1 at 17:49:47
40 verbose fetch to= /tmp/npm-18546-skvzBbIT/registry.npmjs.org/gulp/-/gulp-3.8.9.tgz
41 http GET https://registry.npmjs.org/gulp/-/gulp-3.8.9.tgz
42 http 200 https://registry.npmjs.org/gulp/-/gulp-3.8.9.tgz
43 silly lockFile 566182be-ry-npmjs-org-gulp-gulp-3-8-9-tgz https://registry.npmjs.org/gulp/-/gulp-3.8.9.tgz
44 silly lockFile 566182be-ry-npmjs-org-gulp-gulp-3-8-9-tgz https://registry.npmjs.org/gulp/-/gulp-3.8.9.tgz
45 silly lockFile 8cc6e613-gulp-3-8-9 gulp@3.8.9
46 silly lockFile 8cc6e613-gulp-3-8-9 gulp@3.8.9
47 silly lockFile 72f4391e-gulp gulp@
48 silly lockFile 72f4391e-gulp gulp@
49 silly resolved [ { name: 'gulp',
49 silly resolved     description: 'The streaming build system',
49 silly resolved     version: '3.8.9',
49 silly resolved     homepage: 'http://gulpjs.com',
49 silly resolved     repository: { type: 'git', url: 'https://github.com/gulpjs/gulp' },
49 silly resolved     author:
49 silly resolved      { name: 'Fractal',
49 silly resolved        email: 'contact@wearefractal.com',
49 silly resolved        url: 'http://wearefractal.com/' },
49 silly resolved     tags: [ 'build', 'stream', 'system', 'make', 'tool', 'asset', 'pipeline' ],
49 silly resolved     files: [ 'index.js', 'lib', 'bin', 'completion' ],
49 silly resolved     bin: { gulp: './bin/gulp.js' },
49 silly resolved     man: [ 'gulp.1' ],
49 silly resolved     dependencies:
49 silly resolved      { archy: '^0.0.2',
49 silly resolved        chalk: '^0.5.0',
49 silly resolved        deprecated: '^0.0.1',
49 silly resolved        'gulp-util': '^3.0.0',
49 silly resolved        interpret: '^0.3.2',
49 silly resolved        liftoff: '^0.13.2',
49 silly resolved        minimist: '^1.1.0',
49 silly resolved        orchestrator: '^0.3.0',
49 silly resolved        'pretty-hrtime': '^0.2.0',
49 silly resolved        semver: '^3.0.1',
49 silly resolved        tildify: '^1.0.0',
49 silly resolved        v8flags: '^1.0.1',
49 silly resolved        'vinyl-fs': '^0.3.0' },
49 silly resolved     devDependencies:
49 silly resolved      { coveralls: '^2.7.0',
49 silly resolved        'graceful-fs': '^3.0.0',
49 silly resolved        istanbul: '^0.3.0',
49 silly resolved        jshint: '^2.5.0',
49 silly resolved        'jshint-stylish': '^0.4.0',
49 silly resolved        'marked-man': '^0.1.3',
49 silly resolved        mkdirp: '^0.5.0',
49 silly resolved        mocha: '^1.17.0',
49 silly resolved        'mocha-lcov-reporter': '^0.0.1',
49 silly resolved        q: '^1.0.0',
49 silly resolved        rimraf: '^2.2.5',
49 silly resolved        should: '^4.0.0' },
49 silly resolved     scripts:
49 silly resolved      { prepublish: 'marked-man --name gulp docs/CLI.md > gulp.1',
49 silly resolved        lint: 'jshint lib bin index.js --reporter node_modules/jshint-stylish/stylish.js --exclude node_modules',
49 silly resolved        test: 'npm run-script lint && mocha --reporter spec',
49 silly resolved        coveralls: 'istanbul cover _mocha --report lcovonly -- -R spec && cat ./coverage/lcov.info | coveralls && rm -rf ./coverage' },
49 silly resolved     engineStrict: true,
49 silly resolved     engines: { node: '>= 0.9' },
49 silly resolved     licenses: [ [Object] ],
49 silly resolved     gitHead: 'b7486d8850f172f3533406c529510c7649a3a04f',
49 silly resolved     bugs: { url: 'https://github.com/gulpjs/gulp/issues' },
49 silly resolved     _id: 'gulp@3.8.9',
49 silly resolved     _shasum: '90773dc79cb0b3087e5443c695b0f5a21548ccce',
49 silly resolved     _from: 'gulp@',
49 silly resolved     _npmVersion: '2.1.4',
49 silly resolved     _nodeVersion: '0.10.32',
49 silly resolved     _npmUser: { name: 'fractal', email: 'contact@wearefractal.com' },
49 silly resolved     maintainers: [ [Object] ],
49 silly resolved     dist:
49 silly resolved      { shasum: '90773dc79cb0b3087e5443c695b0f5a21548ccce',
49 silly resolved        tarball: 'http://registry.npmjs.org/gulp/-/gulp-3.8.9.tgz' },
49 silly resolved     directories: {},
49 silly resolved     _resolved: 'https://registry.npmjs.org/gulp/-/gulp-3.8.9.tgz' } ]
50 info install gulp@3.8.9 into /usr/lib
51 info installOne gulp@3.8.9
52 verbose lib/node_modules/gulp unbuild
53 verbose tar unpack /home/nitsan/.npm/gulp/3.8.9/package.tgz
54 silly lockFile df399f84-tar-usr-lib-node-modules-gulp tar:///usr/lib/node_modules/gulp
55 verbose lock tar:///usr/lib/node_modules/gulp /home/nitsan/.npm/df399f84-tar-usr-lib-node-modules-gulp.lock
56 silly lockFile 778318b1-itsan-npm-gulp-3-8-9-package-tgz tar:///home/nitsan/.npm/gulp/3.8.9/package.tgz
57 verbose lock tar:///home/nitsan/.npm/gulp/3.8.9/package.tgz /home/nitsan/.npm/778318b1-itsan-npm-gulp-3-8-9-package-tgz.lock
58 silly gunzTarPerm modes [ '775', '664' ]
59 error Error: EACCES, mkdir '/usr/lib/node_modules/gulp'
59 error  { [Error: EACCES, mkdir '/usr/lib/node_modules/gulp']
59 error   errno: 3,
59 error   code: 'EACCES',
59 error   path: '/usr/lib/node_modules/gulp',
59 error   fstream_type: 'Directory',
59 error   fstream_path: '/usr/lib/node_modules/gulp',
59 error   fstream_class: 'DirWriter',
59 error   fstream_stack:
59 error    [ '/usr/lib/node_modules/npm/node_modules/fstream/lib/dir-writer.js:36:23',
59 error      '/usr/lib/node_modules/npm/node_modules/mkdirp/index.js:46:53',
59 error      'Object.oncomplete (fs.js:107:15)' ] }
60 error Please try running this command again as root/Administrator.
61 error System Linux 3.13.0-35-generic
62 error command "/usr/bin/node" "/usr/bin/npm" "install" "--global" "gulp"
63 error cwd /home/nitsan/projects/mysite-dev
64 error node -v v0.10.32
65 error npm -v 1.4.28
66 error path /usr/lib/node_modules/gulp
67 error fstream_path /usr/lib/node_modules/gulp
68 error fstream_type Directory
69 error fstream_class DirWriter
70 error code EACCES
71 error errno 3
72 error stack Error: EACCES, mkdir '/usr/lib/node_modules/gulp'
73 error fstream_stack /usr/lib/node_modules/npm/node_modules/fstream/lib/dir-writer.js:36:23
73 error fstream_stack /usr/lib/node_modules/npm/node_modules/mkdirp/index.js:46:53
73 error fstream_stack Object.oncomplete (fs.js:107:15)
74 verbose exit [ 3, true ]
